<?xml version="1.0" encoding="UTF-8"?>
<!-- Generated by org.testng.reporters.JUnitReportReporter -->
<testsuite hostname="DESKTOP-8LK8V09" failures="0" tests="1" name="orange.Orange" time="31.868" errors="0" timestamp="2023-07-27T16:45:38 IST" skipped="0">
  <testcase classname="orange.Orange" name="launch" time="31.868"/>
  <system-out/>
</testsuite> <!-- orange.Orange -->
